# JRE version: Java(TM) SE Runtime Environment (8.0_161-b12) (build 1.8.0_161-b12)
# Java VM: Java HotSpot(TM) 64-Bit Server VM (25.161-b12 mixed mode windows-amd64 compressed oops)
Heap:
 PSYoungGen      total 290304K, used 136292K [0x00000000d5580000, 0x00000000ec400000, 0x0000000100000000)
  eden space 261632K, 44% used [0x00000000d5580000,0x00000000dc70ffa8,0x00000000e5500000)
  from space 28672K, 69% used [0x00000000e5500000,0x00000000e6889420,0x00000000e7100000)
  to   space 29696K, 0% used [0x00000000ea700000,0x00000000ea700000,0x00000000ec400000)
 ParOldGen       total 152064K, used 62055K [0x0000000080000000, 0x0000000089480000, 0x00000000d5580000)
  object space 152064K, 40% used [0x0000000080000000,0x0000000083c99c08,0x0000000089480000)
 Metaspace       used 72524K, capacity 75886K, committed 76184K, reserved 1116160K
  class space    used 9566K, capacity 10280K, committed 10392K, reserved 1048576K
GC Heap History (10 events):
Event: 31.954 GC heap before
{Heap before GC invocations=12 (full 2):
 PSYoungGen      total 180224K, used 180205K [0x00000000d5580000, 0x00000000e3e00000, 0x0000000100000000)
  eden space 166400K, 100% used [0x00000000d5580000,0x00000000df800000,0x00000000df800000)
  from space 13824K, 99% used [0x00000000df800000,0x00000000e057b4f0,0x00000000e0580000)
  to   space 17920K, 0% used [0x00000000e2c80000,0x00000000e2c80000,0x00000000e3e00000)
 ParOldGen       total 91648K, used 23422K [0x0000000080000000, 0x0000000085980000, 0x00000000d5580000)
  object space 91648K, 25% used [0x0000000080000000,0x00000000816dfaa0,0x0000000085980000)
 Metaspace       used 55996K, capacity 58312K, committed 58544K, reserved 1099776K
  class space    used 7748K, capacity 8273K, committed 8368K, reserved 1048576K
Event: 32.028 GC heap after
Heap after GC invocations=12 (full 2):
 PSYoungGen      total 212992K, used 17895K [0x00000000d5580000, 0x00000000e5700000, 0x0000000100000000)
  eden space 195072K, 0% used [0x00000000d5580000,0x00000000d5580000,0x00000000e1400000)
  from space 17920K, 99% used [0x00000000e2c80000,0x00000000e3df9ff8,0x00000000e3e00000)
  to   space 25088K, 0% used [0x00000000e1400000,0x00000000e1400000,0x00000000e2c80000)
 ParOldGen       total 91648K, used 37722K [0x0000000080000000, 0x0000000085980000, 0x00000000d5580000)
  object space 91648K, 41% used [0x0000000080000000,0x00000000824d6900,0x0000000085980000)
 Metaspace       used 55996K, capacity 58312K, committed 58544K, reserved 1099776K
  class space    used 7748K, capacity 8273K, committed 8368K, reserved 1048576K
}
Event: 33.111 GC heap before
{Heap before GC invocations=13 (full 2):
 PSYoungGen      total 212992K, used 54266K [0x00000000d5580000, 0x00000000e5700000, 0x0000000100000000)
  eden space 195072K, 18% used [0x00000000d5580000,0x00000000d7904bd8,0x00000000e1400000)
  from space 17920K, 99% used [0x00000000e2c80000,0x00000000e3df9ff8,0x00000000e3e00000)
  to   space 25088K, 0% used [0x00000000e1400000,0x00000000e1400000,0x00000000e2c80000)
 ParOldGen       total 91648K, used 37722K [0x0000000080000000, 0x0000000085980000, 0x00000000d5580000)
  object space 91648K, 41% used [0x0000000080000000,0x00000000824d6900,0x0000000085980000)
 Metaspace       used 56781K, capacity 59058K, committed 59160K, reserved 1099776K
  class space    used 7868K, capacity 8412K, committed 8472K, reserved 1048576K
Event: 33.181 GC heap after
Heap after GC invocations=13 (full 2):
 PSYoungGen      total 220160K, used 17175K [0x00000000d5580000, 0x00000000e8f80000, 0x0000000100000000)
  eden space 195072K, 0% used [0x00000000d5580000,0x00000000d5580000,0x00000000e1400000)
  from space 25088K, 68% used [0x00000000e1400000,0x00000000e24c5df8,0x00000000e2c80000)
  to   space 26112K, 0% used [0x00000000e7600000,0x00000000e7600000,0x00000000e8f80000)
 ParOldGen       total 91648K, used 44906K [0x0000000080000000, 0x0000000085980000, 0x00000000d5580000)
  object space 91648K, 48% used [0x0000000080000000,0x0000000082bdaba0,0x0000000085980000)
 Metaspace       used 56781K, capacity 59058K, committed 59160K, reserved 1099776K
  class space    used 7868K, capacity 8412K, committed 8472K, reserved 1048576K
}
Event: 33.181 GC heap before
{Heap before GC invocations=14 (full 3):
 PSYoungGen      total 220160K, used 17175K [0x00000000d5580000, 0x00000000e8f80000, 0x0000000100000000)
  eden space 195072K, 0% used [0x00000000d5580000,0x00000000d5580000,0x00000000e1400000)
  from space 25088K, 68% used [0x00000000e1400000,0x00000000e24c5df8,0x00000000e2c80000)
  to   space 26112K, 0% used [0x00000000e7600000,0x00000000e7600000,0x00000000e8f80000)
 ParOldGen       total 91648K, used 44906K [0x0000000080000000, 0x0000000085980000, 0x00000000d5580000)
  object space 91648K, 48% used [0x0000000080000000,0x0000000082bdaba0,0x0000000085980000)
 Metaspace       used 56781K, capacity 59058K, committed 59160K, reserved 1099776K
  class space    used 7868K, capacity 8412K, committed 8472K, reserved 1048576K
Event: 33.764 GC heap after
Heap after GC invocations=14 (full 3):
 PSYoungGen      total 220160K, used 0K [0x00000000d5580000, 0x00000000e8f80000, 0x0000000100000000)
  eden space 195072K, 0% used [0x00000000d5580000,0x00000000d5580000,0x00000000e1400000)
  from space 25088K, 0% used [0x00000000e1400000,0x00000000e1400000,0x00000000e2c80000)
  to   space 26112K, 0% used [0x00000000e7600000,0x00000000e7600000,0x00000000e8f80000)
 ParOldGen       total 152064K, used 52457K [0x0000000080000000, 0x0000000089480000, 0x00000000d5580000)
  object space 152064K, 34% used [0x0000000080000000,0x000000008333a588,0x0000000089480000)
 Metaspace       used 56781K, capacity 59058K, committed 59160K, reserved 1099776K
  class space    used 7868K, capacity 8412K, committed 8472K, reserved 1048576K
}
Event: 61.997 GC heap before
{Heap before GC invocations=15 (full 3):
 PSYoungGen      total 220160K, used 195072K [0x00000000d5580000, 0x00000000e8f80000, 0x0000000100000000)
  eden space 195072K, 100% used [0x00000000d5580000,0x00000000e1400000,0x00000000e1400000)
  from space 25088K, 0% used [0x00000000e1400000,0x00000000e1400000,0x00000000e2c80000)
  to   space 26112K, 0% used [0x00000000e7600000,0x00000000e7600000,0x00000000e8f80000)
 ParOldGen       total 152064K, used 52457K [0x0000000080000000, 0x0000000089480000, 0x00000000d5580000)
  object space 152064K, 34% used [0x0000000080000000,0x000000008333a588,0x0000000089480000)
 Metaspace       used 65819K, capacity 68322K, committed 68632K, reserved 1107968K
  class space    used 8897K, capacity 9464K, committed 9496K, reserved 1048576K
Event: 62.042 GC heap after
Heap after GC invocations=15 (full 3):
 PSYoungGen      total 275968K, used 23108K [0x00000000d5580000, 0x00000000e8d00000, 0x0000000100000000)
  eden space 252416K, 0% used [0x00000000d5580000,0x00000000d5580000,0x00000000e4c00000)
  from space 23552K, 98% used [0x00000000e7600000,0x00000000e8c91238,0x00000000e8d00000)
  to   space 28672K, 0% used [0x00000000e5500000,0x00000000e5500000,0x00000000e7100000)
 ParOldGen       total 152064K, used 52465K [0x0000000080000000, 0x0000000089480000, 0x00000000d5580000)
  object space 152064K, 34% used [0x0000000080000000,0x000000008333c588,0x0000000089480000)
 Metaspace       used 65819K, capacity 68322K, committed 68632K, reserved 1107968K
  class space    used 8897K, capacity 9464K, committed 9496K, reserved 1048576K
}
Event: 358.875 GC heap before
{Heap before GC invocations=16 (full 3):
 PSYoungGen      total 275968K, used 275524K [0x00000000d5580000, 0x00000000e8d00000, 0x0000000100000000)
  eden space 252416K, 100% used [0x00000000d5580000,0x00000000e4c00000,0x00000000e4c00000)
  from space 23552K, 98% used [0x00000000e7600000,0x00000000e8c91238,0x00000000e8d00000)
  to   space 28672K, 0% used [0x00000000e5500000,0x00000000e5500000,0x00000000e7100000)
 ParOldGen       total 152064K, used 52465K [0x0000000080000000, 0x0000000089480000, 0x00000000d5580000)
  object space 152064K, 34% used [0x0000000080000000,0x000000008333c588,0x0000000089480000)
 Metaspace       used 71851K, capacity 74970K, committed 75032K, reserved 1114112K
  class space    used 9527K, capacity 10224K, committed 10264K, reserved 1048576K
Event: 358.922 GC heap after
Heap after GC invocations=16 (full 3):
 PSYoungGen      total 290304K, used 20005K [0x00000000d5580000, 0x00000000ec400000, 0x0000000100000000)
  eden space 261632K, 0% used [0x00000000d5580000,0x00000000d5580000,0x00000000e5500000)
  from space 28672K, 69% used [0x00000000e5500000,0x00000000e6889420,0x00000000e7100000)
  to   space 29696K, 0% used [0x00000000ea700000,0x00000000ea700000,0x00000000ec400000)
 ParOldGen       total 152064K, used 62055K [0x0000000080000000, 0x0000000089480000, 0x00000000d5580000)
  object space 152064K, 40% used [0x0000000080000000,0x0000000083c99c08,0x0000000089480000)
 Metaspace       used 71851K, capacity 74970K, committed 75032K, reserved 1114112K
  class space    used 9527K, capacity 10224K, committed 10264K, reserved 1048576K
}

